# JRE version: OpenJDK Runtime Environment (8.0_242-b01) (build 1.8.0_242-release-1644-b01)
# Java VM: OpenJDK 64-Bit Server VM (25.242-b01 mixed mode windows-amd64 compressed oops)
Heap:
 PSYoungGen      total 320000K, used 272529K [0x00000000d5580000, 0x00000000ea900000, 0x0000000100000000)
  eden space 301568K, 86% used [0x00000000d5580000,0x00000000e53f9ff0,0x00000000e7c00000)
  from space 18432K, 64% used [0x00000000e9700000,0x00000000ea2aa4e0,0x00000000ea900000)
  to   space 23040K, 0% used [0x00000000e7c00000,0x00000000e7c00000,0x00000000e9280000)
 ParOldGen       total 191488K, used 60710K [0x0000000080000000, 0x000000008bb00000, 0x00000000d5580000)
  object space 191488K, 31% used [0x0000000080000000,0x0000000083b49990,0x000000008bb00000)
 Metaspace       used 78697K, capacity 81864K, committed 82200K, reserved 1120256K
  class space    used 10559K, capacity 11201K, committed 11312K, reserved 1048576K
GC Heap History (10 events):
Event: 11.097 GC heap before
{Heap before GC invocations=11 (full 2):
 PSYoungGen      total 190464K, used 190434K [0x00000000d5580000, 0x00000000e3300000, 0x0000000100000000)
  eden space 178176K, 100% used [0x00000000d5580000,0x00000000e0380000,0x00000000e0380000)
  from space 12288K, 99% used [0x00000000e2700000,0x00000000e32f8bc0,0x00000000e3300000)
  to   space 14336K, 0% used [0x00000000e1700000,0x00000000e1700000,0x00000000e2500000)
 ParOldGen       total 128512K, used 18438K [0x0000000080000000, 0x0000000087d80000, 0x00000000d5580000)
  object space 128512K, 14% used [0x0000000080000000,0x0000000081201a90,0x0000000087d80000)
 Metaspace       used 56370K, capacity 58436K, committed 58544K, reserved 1099776K
  class space    used 7627K, capacity 8079K, committed 8112K, reserved 1048576K
Event: 11.125 GC heap after
Heap after GC invocations=11 (full 2):
 PSYoungGen      total 212480K, used 14324K [0x00000000d5580000, 0x00000000e6300000, 0x0000000100000000)
  eden space 198144K, 0% used [0x00000000d5580000,0x00000000d5580000,0x00000000e1700000)
  from space 14336K, 99% used [0x00000000e1700000,0x00000000e24fd320,0x00000000e2500000)
  to   space 20992K, 0% used [0x00000000e4e80000,0x00000000e4e80000,0x00000000e6300000)
 ParOldGen       total 128512K, used 31810K [0x0000000080000000, 0x0000000087d80000, 0x00000000d5580000)
  object space 128512K, 24% used [0x0000000080000000,0x0000000081f10b38,0x0000000087d80000)
 Metaspace       used 56370K, capacity 58436K, committed 58544K, reserved 1099776K
  class space    used 7627K, capacity 8079K, committed 8112K, reserved 1048576K
}
Event: 11.388 GC heap before
{Heap before GC invocations=12 (full 2):
 PSYoungGen      total 212480K, used 32702K [0x00000000d5580000, 0x00000000e6300000, 0x0000000100000000)
  eden space 198144K, 9% used [0x00000000d5580000,0x00000000d67725d8,0x00000000e1700000)
  from space 14336K, 99% used [0x00000000e1700000,0x00000000e24fd320,0x00000000e2500000)
  to   space 20992K, 0% used [0x00000000e4e80000,0x00000000e4e80000,0x00000000e6300000)
 ParOldGen       total 128512K, used 31810K [0x0000000080000000, 0x0000000087d80000, 0x00000000d5580000)
  object space 128512K, 24% used [0x0000000080000000,0x0000000081f10b38,0x0000000087d80000)
 Metaspace       used 57049K, capacity 59084K, committed 59160K, reserved 1099776K
  class space    used 7726K, capacity 8182K, committed 8240K, reserved 1048576K
Event: 11.413 GC heap after
Heap after GC invocations=12 (full 2):
 PSYoungGen      total 255488K, used 9824K [0x00000000d5580000, 0x00000000e8b80000, 0x0000000100000000)
  eden space 234496K, 0% used [0x00000000d5580000,0x00000000d5580000,0x00000000e3a80000)
  from space 20992K, 46% used [0x00000000e4e80000,0x00000000e5818390,0x00000000e6300000)
  to   space 20480K, 0% used [0x00000000e3a80000,0x00000000e3a80000,0x00000000e4e80000)
 ParOldGen       total 128512K, used 38044K [0x0000000080000000, 0x0000000087d80000, 0x00000000d5580000)
  object space 128512K, 29% used [0x0000000080000000,0x0000000082527210,0x0000000087d80000)
 Metaspace       used 57049K, capacity 59084K, committed 59160K, reserved 1099776K
  class space    used 7726K, capacity 8182K, committed 8240K, reserved 1048576K
}
Event: 11.413 GC heap before
{Heap before GC invocations=13 (full 3):
 PSYoungGen      total 255488K, used 9824K [0x00000000d5580000, 0x00000000e8b80000, 0x0000000100000000)
  eden space 234496K, 0% used [0x00000000d5580000,0x00000000d5580000,0x00000000e3a80000)
  from space 20992K, 46% used [0x00000000e4e80000,0x00000000e5818390,0x00000000e6300000)
  to   space 20480K, 0% used [0x00000000e3a80000,0x00000000e3a80000,0x00000000e4e80000)
 ParOldGen       total 128512K, used 38044K [0x0000000080000000, 0x0000000087d80000, 0x00000000d5580000)
  object space 128512K, 29% used [0x0000000080000000,0x0000000082527210,0x0000000087d80000)
 Metaspace       used 57049K, capacity 59084K, committed 59160K, reserved 1099776K
  class space    used 7726K, capacity 8182K, committed 8240K, reserved 1048576K
Event: 11.652 GC heap after
Heap after GC invocations=13 (full 3):
 PSYoungGen      total 255488K, used 0K [0x00000000d5580000, 0x00000000e8b80000, 0x0000000100000000)
  eden space 234496K, 0% used [0x00000000d5580000,0x00000000d5580000,0x00000000e3a80000)
  from space 20992K, 0% used [0x00000000e4e80000,0x00000000e4e80000,0x00000000e6300000)
  to   space 20480K, 0% used [0x00000000e3a80000,0x00000000e3a80000,0x00000000e4e80000)
 ParOldGen       total 191488K, used 41864K [0x0000000080000000, 0x000000008bb00000, 0x00000000d5580000)
  object space 191488K, 21% used [0x0000000080000000,0x00000000828e2008,0x000000008bb00000)
 Metaspace       used 57041K, capacity 59060K, committed 59160K, reserved 1099776K
  class space    used 7724K, capacity 8178K, committed 8240K, reserved 1048576K
}
Event: 15.577 GC heap before
{Heap before GC invocations=14 (full 3):
 PSYoungGen      total 255488K, used 234496K [0x00000000d5580000, 0x00000000e8b80000, 0x0000000100000000)
  eden space 234496K, 100% used [0x00000000d5580000,0x00000000e3a80000,0x00000000e3a80000)
  from space 20992K, 0% used [0x00000000e4e80000,0x00000000e4e80000,0x00000000e6300000)
  to   space 20480K, 0% used [0x00000000e3a80000,0x00000000e3a80000,0x00000000e4e80000)
 ParOldGen       total 191488K, used 41864K [0x0000000080000000, 0x000000008bb00000, 0x00000000d5580000)
  object space 191488K, 21% used [0x0000000080000000,0x00000000828e2008,0x000000008bb00000)
 Metaspace       used 65208K, capacity 67818K, committed 67992K, reserved 1107968K
  class space    used 8854K, capacity 9376K, committed 9392K, reserved 1048576K
Event: 15.605 GC heap after
Heap after GC invocations=14 (full 3):
 PSYoungGen      total 254976K, used 20454K [0x00000000d5580000, 0x00000000eae80000, 0x0000000100000000)
  eden space 234496K, 0% used [0x00000000d5580000,0x00000000d5580000,0x00000000e3a80000)
  from space 20480K, 99% used [0x00000000e3a80000,0x00000000e4e79948,0x00000000e4e80000)
  to   space 24064K, 0% used [0x00000000e9700000,0x00000000e9700000,0x00000000eae80000)
 ParOldGen       total 191488K, used 44109K [0x0000000080000000, 0x000000008bb00000, 0x00000000d5580000)
  object space 191488K, 23% used [0x0000000080000000,0x0000000082b13448,0x000000008bb00000)
 Metaspace       used 65208K, capacity 67818K, committed 67992K, reserved 1107968K
  class space    used 8854K, capacity 9376K, committed 9392K, reserved 1048576K
}
Event: 20.349 GC heap before
{Heap before GC invocations=15 (full 3):
 PSYoungGen      total 254976K, used 254950K [0x00000000d5580000, 0x00000000eae80000, 0x0000000100000000)
  eden space 234496K, 100% used [0x00000000d5580000,0x00000000e3a80000,0x00000000e3a80000)
  from space 20480K, 99% used [0x00000000e3a80000,0x00000000e4e79948,0x00000000e4e80000)
  to   space 24064K, 0% used [0x00000000e9700000,0x00000000e9700000,0x00000000eae80000)
 ParOldGen       total 191488K, used 44109K [0x0000000080000000, 0x000000008bb00000, 0x00000000d5580000)
  object space 191488K, 23% used [0x0000000080000000,0x0000000082b13448,0x000000008bb00000)
 Metaspace       used 70182K, capacity 73056K, committed 73368K, reserved 1112064K
  class space    used 9470K, capacity 10063K, committed 10160K, reserved 1048576K
Event: 20.437 GC heap after
Heap after GC invocations=15 (full 3):
 PSYoungGen      total 320000K, used 11945K [0x00000000d5580000, 0x00000000ea900000, 0x0000000100000000)
  eden space 301568K, 0% used [0x00000000d5580000,0x00000000d5580000,0x00000000e7c00000)
  from space 18432K, 64% used [0x00000000e9700000,0x00000000ea2aa4e0,0x00000000ea900000)
  to   space 23040K, 0% used [0x00000000e7c00000,0x00000000e7c00000,0x00000000e9280000)
 ParOldGen       total 191488K, used 60710K [0x0000000080000000, 0x000000008bb00000, 0x00000000d5580000)
  object space 191488K, 31% used [0x0000000080000000,0x0000000083b49990,0x000000008bb00000)
 Metaspace       used 70182K, capacity 73056K, committed 73368K, reserved 1112064K
  class space    used 9470K, capacity 10063K, committed 10160K, reserved 1048576K
}

